[debug] [2026-04-15T09:55:29.644Z] ----------------------------------------------------------------------
[debug] [2026-04-15T09:55:29.646Z] Command:       C:\Program Files\nodejs\node.exe C:\Users\memla\AppData\Roaming\npm\node_modules\firebase-tools\lib\bin\firebase.js init
[debug] [2026-04-15T09:55:29.647Z] CLI Version:   15.14.0
[debug] [2026-04-15T09:55:29.647Z] Platform:      win32
[debug] [2026-04-15T09:55:29.648Z] Node Version:  v22.17.1
[debug] [2026-04-15T09:55:29.648Z] Time:          Wed Apr 15 2026 12:55:29 GMT+0300 (Israel Daylight Time)
[debug] [2026-04-15T09:55:29.648Z] ----------------------------------------------------------------------
[debug] 
[info] 
     ######## #### ########  ######## ########     ###     ######  ########
     ##        ##  ##     ## ##       ##     ##  ##   ##  ##       ##
     ######    ##  ########  ######   ########  #########  ######  ######
     ##        ##  ##    ##  ##       ##     ## ##     ##       ## ##
     ##       #### ##     ## ######## ########  ##     ##  ######  ########

You're about to initialize a Firebase project in this directory:

  C:\Users\memla\Desktop\tire-center-ui

[info] 
=== Project Setup
[info] 
[info] First, let's associate this project directory with a Firebase project.
[info] You can create multiple project aliases by running firebase use --add, 
[info] 
[debug] [2026-04-15T09:56:08.492Z] > command requires scopes: ["email","openid","https://www.googleapis.com/auth/cloudplatformprojects.readonly","https://www.googleapis.com/auth/firebase","https://www.googleapis.com/auth/cloud-platform"]
[debug] [2026-04-15T09:56:08.493Z] > authorizing via signed-in user (unitradekogol@gmail.com)
[debug] [2026-04-15T09:56:08.495Z] Checked if tokens are valid: true, expires at: 1776250478550
[debug] [2026-04-15T09:56:08.495Z] Checked if tokens are valid: true, expires at: 1776250478550
[debug] [2026-04-15T09:56:08.497Z] >>> [apiv2][query] GET https://firebase.googleapis.com/v1beta1/projects pageSize=100
[debug] [2026-04-15T09:56:09.354Z] <<< [apiv2][status] GET https://firebase.googleapis.com/v1beta1/projects 200
[debug] [2026-04-15T09:56:09.354Z] <<< [apiv2][body] GET https://firebase.googleapis.com/v1beta1/projects [omitted]
[info] 
=== Hosting Setup
[debug] [2026-04-15T09:56:41.739Z] Checked if tokens are valid: true, expires at: 1776250478550
[debug] [2026-04-15T09:56:41.739Z] Checked if tokens are valid: true, expires at: 1776250478550
[debug] [2026-04-15T09:56:41.740Z] >>> [apiv2][query] GET https://firebase.googleapis.com/v1beta1/projects/tire-center-dev [none]
[debug] [2026-04-15T09:56:42.267Z] <<< [apiv2][status] GET https://firebase.googleapis.com/v1beta1/projects/tire-center-dev 200
[debug] [2026-04-15T09:56:42.267Z] <<< [apiv2][body] GET https://firebase.googleapis.com/v1beta1/projects/tire-center-dev {"projectId":"tire-center-dev","projectNumber":"735672514739","displayName":"tire-center-dev","name":"projects/tire-center-dev","resources":{"hostingSite":"tire-center-dev"},"state":"ACTIVE","etag":"1_d8a06871-32ce-4d2f-8655-f54128a9d540"}
[info] 
[info] Your public directory is the folder (relative to your project directory) that
[info] will contain Hosting assets to be uploaded with firebase deploy. If you
[info] have a build process for your assets, use your build's output directory.
[info] 
[info] 
[info] i  Detected a .git folder at C:\Users\memla\Desktop\tire-center-ui 
[info] i  Authorizing with GitHub to upload your service account to a GitHub repository's secrets store. 
[info] 
[info] Visit this URL on this device to log in:
[info] https://github.com/login/oauth/authorize?client_id=89cf50f02ac6aaed3484&state=43672731&redirect_uri=http%3A%2F%2Flocalhost%3A9005&scope=read%3Auser%20repo%20public_repo
[info] 
[info] Waiting for authentication...
[debug] [2026-04-15T09:57:25.854Z] >>> [apiv2][query] POST https://github.com/login/oauth/access_token [none]
[debug] [2026-04-15T09:57:25.855Z] >>> [apiv2][body] POST https://github.com/login/oauth/access_token [stream]
[debug] [2026-04-15T09:57:26.314Z] <<< [apiv2][status] POST https://github.com/login/oauth/access_token 200
[debug] [2026-04-15T09:57:26.316Z] <<< [apiv2][body] POST https://github.com/login/oauth/access_token {"access_token":"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","token_type":"bearer","scope":"read:user,repo"}
[debug] [2026-04-15T09:57:26.325Z] >>> [apiv2][query] GET https://api.github.com/user [none]
[debug] [2026-04-15T09:57:26.707Z] <<< [apiv2][status] GET https://api.github.com/user 200
[debug] [2026-04-15T09:57:26.707Z] <<< [apiv2][body] GET https://api.github.com/user {"login":"mel274","id":215556488,"node_id":"U_kgDODNkhiA","avatar_url":"https://avatars.githubusercontent.com/u/215556488?v=4","gravatar_id":"","url":"https://api.github.com/users/mel274","html_url":"https://github.com/mel274","followers_url":"https://api.github.com/users/mel274/followers","following_url":"https://api.github.com/users/mel274/following{/other_user}","gists_url":"https://api.github.com/users/mel274/gists{/gist_id}","starred_url":"https://api.github.com/users/mel274/starred{/owner}{/repo}","subscriptions_url":"https://api.github.com/users/mel274/subscriptions","organizations_url":"https://api.github.com/users/mel274/orgs","repos_url":"https://api.github.com/users/mel274/repos","events_url":"https://api.github.com/users/mel274/events{/privacy}","received_events_url":"https://api.github.com/users/mel274/received_events","type":"User","user_view_type":"private","site_admin":false,"name":"MEL","company":null,"blog":"","location":null,"email":null,"hireable":null,"bio":null,"twitter_username":null,"notification_email":null,"public_repos":5,"public_gists":0,"followers":1,"following":1,"created_at":"2025-06-09T17:27:30Z","updated_at":"2026-04-07T15:09:44Z","private_gists":0,"total_private_repos":2,"owned_private_repos":2,"disk_usage":3089,"collaborators":0,"two_factor_authentication":true,"plan":{"name":"free","space":976562499,"collaborators":0,"private_repos":10000}}
[info] 
[info] +  Success! Logged into GitHub as mel274 
[info] 
[debug] [2026-04-15T09:58:23.156Z] ExitPromptError: User force closed the prompt with SIGINT
    at Interface.sigint (C:\Users\memla\AppData\Roaming\npm\node_modules\firebase-tools\node_modules\@inquirer\core\dist\commonjs\lib\create-prompt.js:101:37)
    at Interface.emit (node:events:518:28)
    at [_ttyWrite] [as _ttyWrite] (node:internal/readline/interface:1132:18)
    at ReadStream.onkeypress (node:internal/readline/interface:271:20)
    at ReadStream.emit (node:events:530:35)
    at emitKeys (node:internal/readline/utils:370:14)
    at emitKeys.next (<anonymous>)
    at ReadStream.onData (node:internal/readline/emitKeypressEvents:64:36)
    at ReadStream.emit (node:events:518:28)
    at addChunk (node:internal/streams/readable:561:12)
[error] 
[error] Error: An unexpected error has occurred.
